2022-08-30 17:17:15,968 bbtmf-7nt00l3 proj-compras-dev.jar[16988] INFO  [io.quarkus] (Quarkus Main Thread) proj-compras 1.0-SNAPSHOT on JVM (powered by Quarkus 2.7.6.Final) started in 7.603s. Listening on: http://localhost:8080
2022-08-30 17:17:15,976 bbtmf-7nt00l3 proj-compras-dev.jar[16988] INFO  [io.quarkus] (Quarkus Main Thread) Profile dev activated. Live Coding activated.
2022-08-30 17:17:15,979 bbtmf-7nt00l3 proj-compras-dev.jar[16988] INFO  [io.quarkus] (Quarkus Main Thread) Installed features: [agroal, cdi, hibernate-orm, hibernate-validator, jdbc-h2, narayana-jta, rest-client, rest-client-jackson, resteasy, servlet, smallrye-context-propagation, vertx]
2022-08-30 17:17:16,813 bbtmf-7nt00l3 proj-compras-dev.jar[16988] WARNING [org.aes.rea.ter.imp.AbstractWindowsTerminal] (Shutdown thread) Failed to write out.
2022-08-30 17:17:16,811 bbtmf-7nt00l3 proj-compras-dev.jar[16988] INFO  [io.quarkus] (Shutdown thread) proj-compras stopped in 0.048s
2022-08-30 17:17:52,741 bbtmf-7nt00l3 proj-compras-dev.jar[1168] WARN  [org.hib.too.sch.int.ExceptionHandlerLoggedImpl] (JPA Startup Thread: <default>) GenerationTarget encountered exception accepting command : Error executing DDL "create table tb_cliente (id bigint generated by default as identity, cpf varchar(255), email varchar(255), nome varchar(255), primary key (id))" via JDBC Statement: org.hibernate.tool.schema.spi.CommandAcceptanceException: Error executing DDL "create table tb_cliente (id bigint generated by default as identity, cpf varchar(255), email varchar(255), nome varchar(255), primary key (id))" via JDBC Statement
	at org.hibernate.tool.schema.internal.exec.GenerationTargetToDatabase.accept(GenerationTargetToDatabase.java:67)
	at org.hibernate.tool.schema.internal.SchemaCreatorImpl.applySqlString(SchemaCreatorImpl.java:458)
	at org.hibernate.tool.schema.internal.SchemaCreatorImpl.applySqlStrings(SchemaCreatorImpl.java:442)
	at org.hibernate.tool.schema.internal.SchemaCreatorImpl.createFromMetadata(SchemaCreatorImpl.java:325)
	at org.hibernate.tool.schema.internal.SchemaCreatorImpl.performCreation(SchemaCreatorImpl.java:169)
	at org.hibernate.tool.schema.internal.SchemaCreatorImpl.doCreation(SchemaCreatorImpl.java:138)
	at org.hibernate.tool.schema.internal.SchemaCreatorImpl.doCreation(SchemaCreatorImpl.java:124)
	at org.hibernate.tool.schema.spi.SchemaManagementToolCoordinator.performDatabaseAction(SchemaManagementToolCoordinator.java:138)
	at org.hibernate.tool.schema.spi.SchemaManagementToolCoordinator.process(SchemaManagementToolCoordinator.java:81)
	at org.hibernate.internal.SessionFactoryImpl.<init>(SessionFactoryImpl.java:335)
	at io.quarkus.hibernate.orm.runtime.boot.FastBootEntityManagerFactoryBuilder.build(FastBootEntityManagerFactoryBuilder.java:74)
	at io.quarkus.hibernate.orm.runtime.FastBootHibernatePersistenceProvider.createEntityManagerFactory(FastBootHibernatePersistenceProvider.java:71)
	at javax.persistence.Persistence.createEntityManagerFactory(Persistence.java:80)
	at javax.persistence.Persistence.createEntityManagerFactory(Persistence.java:55)
	at io.quarkus.hibernate.orm.runtime.JPAConfig$LazyPersistenceUnit.get(JPAConfig.java:138)
	at io.quarkus.hibernate.orm.runtime.JPAConfig$1.run(JPAConfig.java:54)
	at java.base/java.lang.Thread.run(Thread.java:834)
Caused by: org.h2.jdbc.JdbcSQLException: Table "TB_CLIENTE" already exists; SQL statement:
create table tb_cliente (id bigint generated by default as identity, cpf varchar(255), email varchar(255), nome varchar(255), primary key (id)) [42101-197]
	at org.h2.message.DbException.getJdbcSQLException(DbException.java:357)
	at org.h2.message.DbException.get(DbException.java:179)
	at org.h2.message.DbException.get(DbException.java:155)
	at org.h2.command.ddl.CreateTable.update(CreateTable.java:86)
	at org.h2.command.CommandContainer.update(CommandContainer.java:102)
	at org.h2.command.Command.executeUpdate(Command.java:261)
	at org.h2.jdbc.JdbcStatement.executeInternal(JdbcStatement.java:233)
	at org.h2.jdbc.JdbcStatement.execute(JdbcStatement.java:205)
	at io.agroal.pool.wrapper.StatementWrapper.execute(StatementWrapper.java:235)
	at org.hibernate.tool.schema.internal.exec.GenerationTargetToDatabase.accept(GenerationTargetToDatabase.java:54)
	... 16 more

2022-08-30 17:17:53,670 bbtmf-7nt00l3 proj-compras-dev.jar[1168] INFO  [io.quarkus] (Quarkus Main Thread) proj-compras 1.0-SNAPSHOT on JVM (powered by Quarkus 2.7.6.Final) started in 6.863s. Listening on: http://localhost:8080
2022-08-30 17:17:53,674 bbtmf-7nt00l3 proj-compras-dev.jar[1168] INFO  [io.quarkus] (Quarkus Main Thread) Profile dev activated. Live Coding activated.
2022-08-30 17:17:53,676 bbtmf-7nt00l3 proj-compras-dev.jar[1168] INFO  [io.quarkus] (Quarkus Main Thread) Installed features: [agroal, cdi, hibernate-orm, hibernate-validator, jdbc-h2, narayana-jta, rest-client, rest-client-jackson, resteasy, servlet, smallrye-context-propagation, vertx]
